- Building...

Initial chunk files | Names                       |  Raw size
styles.css          | styles                      |  93.55 kB | 
polyfills.js        | polyfills                   |  88.09 kB | 
main.js             | main                        |   5.30 kB | 
chunk-PT37UZKT.js   | -                           |   3.75 kB | 
chunk-KULJQ72C.js   | -                           |   1.10 kB | 

                    | Initial total               | 191.78 kB

Lazy chunk files    | Names                       |  Raw size
chunk-GAKD5TZW.js   | dashboard-component         | 137.50 kB | 
chunk-LP53YM3A.js   | quan-ly-the-component       |  87.12 kB | 
chunk-NPFHTN34.js   | giao-chi-tieu-component     |  75.59 kB | 
chunk-AUAMYL4A.js   | cai-dat-canh-bao-component  |  61.46 kB | 
chunk-BMWBYFOY.js   | du-lieu-mpa-component       |  57.37 kB | 
chunk-K3YLO5JL.js   | khach-hang-component        |  54.11 kB | 
chunk-WS4PCNKV.js   | quan-tri-component          |  53.62 kB | 
chunk-HVT7XDTQ.js   | quan-ly-am-component        |  53.43 kB | 
chunk-G2JSFGLX.js   | the-detail-component        |  53.14 kB | 
chunk-O2ZVKAV3.js   | khach-hang-detail-component |  52.84 kB | 
chunk-M6YU2DQW.js   | chien-dich-form-component   |  38.97 kB | 
chunk-DZ22BWFU.js   | bao-cao-component           |  33.63 kB | 
chunk-WAKLRBUB.js   | main-layout-component       |  27.80 kB | 
chunk-ISS7LVWF.js   | login-component             |  18.08 kB | 
chunk-KUOYAKLB.js   | chien-dich-list-component   |  16.27 kB | 
...and 3 more lazy chunks files. Use "--verbose" to show all the files.

Application bundle generation complete. [15.175 seconds]

Watch mode enabled. Watching for file changes...
  ➜  Local:   http://localhost:4200/
- Changes detected. Rebuilding...

Initial chunk files | Names                 | Raw size
main.js             | main                  |  5.30 kB | 

Lazy chunk files    | Names                 | Raw size
chunk-Q3GOXEBE.js   | quan-ly-the-component | 87.12 kB | 

Application bundle generation complete. [3.489 seconds]

Page reload sent to client(s).
